c:\users\josh\dropbox\computer science\g52cpp\cpp_cw2016\release\vc120.pdb
c:\users\josh\dropbox\computer science\g52cpp\cpp_cw2016\release\menustate.obj
c:\users\josh\dropbox\computer science\g52cpp\cpp_cw2016\release\map.obj
c:\users\josh\dropbox\computer science\g52cpp\cpp_cw2016\release\jpgimage.obj
c:\users\josh\dropbox\computer science\g52cpp\cpp_cw2016\release\fontmanager.obj
c:\users\josh\dropbox\computer science\g52cpp\cpp_cw2016\release\displayableobject.obj
c:\users\josh\dropbox\computer science\g52cpp\cpp_cw2016\release\baseengine.obj
c:\users\josh\dropbox\computer science\g52cpp\cpp_cw2016\release\mainfunction.obj
c:\users\josh\dropbox\computer science\g52cpp\cpp_cw2016\release\helpstate.obj
c:\users\josh\dropbox\computer science\g52cpp\cpp_cw2016\release\helperfunctions.obj
c:\users\josh\dropbox\computer science\g52cpp\cpp_cw2016\release\heartzombieobject.obj
c:\users\josh\dropbox\computer science\g52cpp\cpp_cw2016\release\heartobject.obj
c:\users\josh\dropbox\computer science\g52cpp\cpp_cw2016\release\healthbarobject.obj
c:\users\josh\dropbox\computer science\g52cpp\cpp_cw2016\release\gameoverstate.obj
c:\users\josh\dropbox\computer science\g52cpp\cpp_cw2016\release\diedstate.obj
c:\users\josh\dropbox\computer science\g52cpp\cpp_cw2016\release\coordinate.obj
c:\users\josh\dropbox\computer science\g52cpp\cpp_cw2016\release\collectableobject.obj
c:\users\josh\dropbox\computer science\g52cpp\cpp_cw2016\release\coinzombieobject.obj
c:\users\josh\dropbox\computer science\g52cpp\cpp_cw2016\release\coinobject.obj
c:\users\josh\dropbox\computer science\g52cpp\cpp_cw2016\release\button.obj
c:\users\josh\dropbox\computer science\g52cpp\cpp_cw2016\release\bulletobject.obj
c:\users\josh\dropbox\computer science\g52cpp\cpp_cw2016\release\demo3main.obj
c:\users\josh\dropbox\computer science\g52cpp\cpp_cw2016\release\demo2tilemanager.obj
c:\users\josh\dropbox\computer science\g52cpp\cpp_cw2016\release\demo2object.obj
c:\users\josh\dropbox\computer science\g52cpp\cpp_cw2016\release\demo2main.obj
c:\users\josh\dropbox\computer science\g52cpp\cpp_cw2016\release\demo1main.obj
c:\users\josh\dropbox\computer science\g52cpp\cpp_cw2016\release\bouncingballmain.obj
c:\users\josh\dropbox\computer science\g52cpp\cpp_cw2016\release\bouncingball.obj
c:\users\josh\dropbox\computer science\g52cpp\cpp_cw2016\release\tilemanager.obj
c:\users\josh\dropbox\computer science\g52cpp\cpp_cw2016\release\state.obj
c:\users\josh\dropbox\computer science\g52cpp\cpp_cw2016\release\spritemanager.obj
c:\users\josh\dropbox\computer science\g52cpp\cpp_cw2016\release\simpledemo.obj
c:\users\josh\dropbox\computer science\g52cpp\cpp_cw2016\release\roundcompletestate.obj
c:\users\josh\dropbox\computer science\g52cpp\cpp_cw2016\release\round.obj
c:\users\josh\dropbox\computer science\g52cpp\cpp_cw2016\release\psyja2tilemanager.obj
c:\users\josh\dropbox\computer science\g52cpp\cpp_cw2016\release\psyja2engine.obj
c:\users\josh\dropbox\computer science\g52cpp\cpp_cw2016\release\polygon.obj
c:\users\josh\dropbox\computer science\g52cpp\cpp_cw2016\release\playstate.obj
c:\users\josh\dropbox\computer science\g52cpp\cpp_cw2016\release\playerobject.obj
c:\users\josh\dropbox\computer science\g52cpp\cpp_cw2016\release\pausestate.obj
c:\users\josh\dropbox\computer science\g52cpp\cpp_cw2016\release\normalzombieobject.obj
c:\users\josh\dropbox\computer science\g52cpp\cpp_cw2016\release\zombieobject.obj
c:\users\josh\dropbox\computer science\g52cpp\cpp_cw2016\release\tileobject.obj
c:\users\josh\dropbox\computer science\g52cpp\cpp_cw2016\release\demo4tilemanager.obj
c:\users\josh\dropbox\computer science\g52cpp\cpp_cw2016\release\demo4object.obj
c:\users\josh\dropbox\computer science\g52cpp\cpp_cw2016\release\demo4main.obj
c:\users\josh\dropbox\computer science\g52cpp\cpp_cw2016\release\demo3tilemanager.obj
c:\users\josh\dropbox\computer science\g52cpp\cpp_cw2016\release\demo3objectfinished.obj
c:\users\josh\dropbox\computer science\g52cpp\cpp_cw2016\release\demo3object.obj
c:\users\josh\dropbox\computer science\g52cpp\cpp_cw2016\release\courseworkbase.exe
c:\users\josh\dropbox\computer science\g52cpp\cpp_cw2016\release\courseworkbase.res
c:\users\josh\dropbox\computer science\g52cpp\cpp_cw2016\/release\courseworkbase.exe
c:\users\josh\dropbox\computer science\g52cpp\cpp_cw2016\release\courseworkbase.tlog\cl.command.1.tlog
c:\users\josh\dropbox\computer science\g52cpp\cpp_cw2016\release\courseworkbase.tlog\cl.read.1.tlog
c:\users\josh\dropbox\computer science\g52cpp\cpp_cw2016\release\courseworkbase.tlog\cl.write.1.tlog
c:\users\josh\dropbox\computer science\g52cpp\cpp_cw2016\release\courseworkbase.tlog\link.command.1.tlog
c:\users\josh\dropbox\computer science\g52cpp\cpp_cw2016\release\courseworkbase.tlog\link.read.1.tlog
c:\users\josh\dropbox\computer science\g52cpp\cpp_cw2016\release\courseworkbase.tlog\link.write.1.tlog
c:\users\josh\dropbox\computer science\g52cpp\cpp_cw2016\release\courseworkbase.tlog\rc.command.1.tlog
c:\users\josh\dropbox\computer science\g52cpp\cpp_cw2016\release\courseworkbase.tlog\rc.read.1.tlog
c:\users\josh\dropbox\computer science\g52cpp\cpp_cw2016\release\courseworkbase.tlog\rc.write.1.tlog
